<?xml version="1.0" encoding="UTF-8"?>
<testsuite xmlns:xsi="http://www.w3.org/2001/XMLSchema-instance" xsi:noNamespaceSchemaLocation="https://maven.apache.org/surefire/maven-surefire-plugin/xsd/surefire-test-report-3.0.xsd" version="3.0" name="Test.PorHoraTest" time="0.03" tests="3" errors="0" skipped="0" failures="0">
  <properties>
[...]
</properties>
  <testcase name="testToCSV" classname="Test.PorHoraTest" time="0.02"/>
  <testcase name="testSettersAndGetters" classname="Test.PorHoraTest" time="0.002"/>
  <testcase name="testSalarioQuincena" classname="Test.PorHoraTest" time="0.002"/>
</testsuite>